
==> Input arguments...

Feature directory: ./toy_example/train_tree_kf
Clades information: ./toy_example/train_tree_newick/train_tree.subtrees

==> Parameters...

GPU Support: No
Hidden Size fc1: 2048
Starting Epoch: 0
Total Epochs: 10
Batch Size: 16
Learning Rate: 1e-05
Learning Rate Min: 3e-06
Learning Rate Decay: 2000
Random Seed: 28
Masking: False

==> Preparing Data...

Dimensions of feature matrix rows: 5, cols: 8192
Number of Train Samples: 5

==> Building model...

Number of Classes: 2

==> Model parameters----------
Total parameters: 16783362
Trainable parameters: 16783362
Time: 00:00:06

==> Training model...

Epoch [1/10], Step [1/1], Train loss: 0.73673188686370849609, 0.40000000000000002220, Time: 00:00:15
Epoch 1	               LR:0.00001000000000000000
Epoch [2/10], Step [1/1], Train loss: 0.50670582056045532227, 0.59999999999999997780, Time: 00:00:24
Epoch 2	               LR:0.00001300000000000000
Epoch [3/10], Step [1/1], Train loss: 0.33512997627258300781, 1.00000000000000000000, Time: 00:00:32
Epoch 3	               LR:0.00001300000000000000
Epoch [4/10], Step [1/1], Train loss: 0.21042959392070770264, 1.00000000000000000000, Time: 00:00:41
Epoch 4	               LR:0.00001300000000000000
Epoch [5/10], Step [1/1], Train loss: 0.14362025260925292969, 1.00000000000000000000, Time: 00:00:49
Epoch 5	               LR:0.00001300000000000000
Epoch [6/10], Step [1/1], Train loss: 0.10820446908473968506, 1.00000000000000000000, Time: 00:00:57
Epoch 6	               LR:0.00001300000000000000
Epoch [7/10], Step [1/1], Train loss: 0.08230002224445343018, 1.00000000000000000000, Time: 00:01:06
Epoch 7	               LR:0.00001300000000000000
Epoch [8/10], Step [1/1], Train loss: 0.06133051961660385132, 1.00000000000000000000, Time: 00:01:14
Epoch 8	               LR:0.00001300000000000000
Epoch [9/10], Step [1/1], Train loss: 0.04582930728793144226, 1.00000000000000000000, Time: 00:01:23
Epoch 9	               LR:0.00001300000000000000
Epoch [10/10], Step [1/1], Train loss: 0.03535776212811470032, 1.00000000000000000000, Time: 00:01:31
Epoch 10	               LR:0.00001300000000000000
Best Epoch [10/10], Lowest loss: 0.03535776212811470032, Highest accuracy: 1.00000000000000000000
Dimensions of class output rows:5 cols:6

==> Training Completed!

Time: 00:01:31
