
==> Input arguments...

Feature directory: ../toy_example/train_tree_kf
Clades information: ../toy_example/train_tree_newick/train_tree.subtrees

==> Parameters...

GPU Support: No
Hidden Size fc1: 2048
Starting Epoch: 0
Total Epochs: 10
Batch Size: 16
Learning Rate: 1e-05
Learning Rate Min: 3e-06
Learning Rate Decay: 2000
Random Seed: 28
Masking: False

==> Preparing Data...

Dimensions of feature matrix rows: 5, cols: 8192
Number of Train Samples: 5

==> Building model...

Number of Classes: 2

==> Model parameters----------
Total parameters: 16783362
Trainable parameters: 16783362
Time: 00:00:09

==> Training model...

Epoch [1/10], Step [1/1], Train loss: 0.73673182725906372070, 0.40000000000000002220, Time: 00:00:20
Epoch 1	               LR:0.00001000000000000000
Epoch [2/10], Step [1/1], Train loss: 0.50670588016510009766, 0.59999999999999997780, Time: 00:00:31
Epoch 2	               LR:0.00001300000000000000
Epoch [3/10], Step [1/1], Train loss: 0.33512985706329345703, 1.00000000000000000000, Time: 00:00:43
Epoch 3	               LR:0.00001300000000000000
Epoch [4/10], Step [1/1], Train loss: 0.21042962372303009033, 1.00000000000000000000, Time: 00:00:54
Epoch 4	               LR:0.00001300000000000000
Epoch [5/10], Step [1/1], Train loss: 0.14362034201622009277, 1.00000000000000000000, Time: 00:01:04
Epoch 5	               LR:0.00001300000000000000
Epoch [6/10], Step [1/1], Train loss: 0.10820444673299789429, 1.00000000000000000000, Time: 00:01:14
Epoch 6	               LR:0.00001300000000000000
Epoch [7/10], Step [1/1], Train loss: 0.08230000734329223633, 1.00000000000000000000, Time: 00:01:25
Epoch 7	               LR:0.00001300000000000000
Epoch [8/10], Step [1/1], Train loss: 0.06133049726486206055, 1.00000000000000000000, Time: 00:01:36
Epoch 8	               LR:0.00001300000000000000
Epoch [9/10], Step [1/1], Train loss: 0.04582933336496353149, 1.00000000000000000000, Time: 00:01:46
Epoch 9	               LR:0.00001300000000000000
Epoch [10/10], Step [1/1], Train loss: 0.03535773977637290955, 1.00000000000000000000, Time: 00:01:57
Epoch 10	               LR:0.00001300000000000000
Best Epoch [10/10], Lowest loss: 0.03535773977637290955, Highest accuracy: 1.00000000000000000000
Dimensions of class output rows:5 cols:6

==> Training Completed!

Time: 00:01:57
