
==> Input arguments...

Feature directory: ../toy_example/train_tree_kf
Clades information: ../toy_example/train_tree_newick/train_tree.subtrees
Ground truth directory: ../toy_example/train_tree_newick
Test set: None

==> Parameters...

GPU Support: No
Hidden Size fc1: 2048
Embedding Size: 1024
Starting Epoch: 0
Total Epochs: 10
Batch Size: 16
Learning Rate: 1e-05
Learning Rate Min: 3e-06
Learning Rate Decay: 2000
Clades to train: all
Random Seed: 28
Model save interval: unspecified

==> Subtree training...

Number of Classes: 2

==> Working on subtree 0...


==> Preparing Data...

Dimensions of feature matrix rows: 2, cols: 8192
Dimensions of true distance matrix rows: 2, cols: 2
Number of Train Samples: 2

==> Building model...


==> Model parameters----------
Total parameters: 18877440
Trainable parameters: 18877440
Time: 00:00:20

==> Training model...

Epoch [1/10], Step [1/1], Train loss: 25.90099513202155989688, Time: 00:00:33
Epoch 1	                   LR:0.00001000000000000000
Epoch [2/10], Step [1/1], Train loss: 17.53227232877161156921, Time: 00:00:47
Epoch 2	                   LR:0.00001300000000000000
Epoch [3/10], Step [1/1], Train loss: 10.65257581893002125639, Time: 00:01:01
Epoch 3	                   LR:0.00001300000000000000
Epoch [4/10], Step [1/1], Train loss: 6.57414733630371017625, Time: 00:01:12
Epoch 4	                   LR:0.00001300000000000000
Epoch [5/10], Step [1/1], Train loss: 4.21619772569663187056, Time: 00:01:23
Epoch 5	                   LR:0.00001300000000000000
Epoch [6/10], Step [1/1], Train loss: 2.84118571782353512845, Time: 00:01:34
Epoch 6	                   LR:0.00001300000000000000
Epoch [7/10], Step [1/1], Train loss: 2.03852498658074487992, Time: 00:01:47
Epoch 7	                   LR:0.00001300000000000000
Epoch [8/10], Step [1/1], Train loss: 1.56694516272759698516, Time: 00:01:58
Epoch 8	                   LR:0.00001300000000000000
Epoch [9/10], Step [1/1], Train loss: 1.27857033345849924189, Time: 00:02:10
Epoch 9	                   LR:0.00001300000000000000
Epoch [10/10], Step [1/1], Train loss: 1.08711219156853711176, Time: 00:02:22
Epoch 10	                   LR:0.00001300000000000000
Best Epoch [10/10], Lowest loss: 1.08711219156853711176
Dimensions of distortion matrix rows:2 cols:3
Dimensions of embedding output rows:2 cols:1025

==> Training for subtree 0 completed!

Time: 00:02:22

==> Working on subtree 1...


==> Preparing Data...

Dimensions of feature matrix rows: 3, cols: 8192
Dimensions of true distance matrix rows: 3, cols: 3
Number of Train Samples: 3

==> Building model...


==> Model parameters----------
Total parameters: 18877440
Trainable parameters: 18877440
Time: 00:02:34

==> Training model...

Epoch [1/10], Step [1/1], Train loss: 62.15397635117645336322, Time: 00:02:49
Epoch 1	                   LR:0.00001000000000000000
Epoch [2/10], Step [1/1], Train loss: 45.27667858630334762893, Time: 00:03:04
Epoch 2	                   LR:0.00001300000000000000
Epoch [3/10], Step [1/1], Train loss: 29.67767262309645204255, Time: 00:03:15
Epoch 3	                   LR:0.00001300000000000000
Epoch [4/10], Step [1/1], Train loss: 19.51337618719485078600, Time: 00:03:26
Epoch 4	                   LR:0.00001300000000000000
Epoch [5/10], Step [1/1], Train loss: 13.12840455580927567780, Time: 00:03:38
Epoch 5	                   LR:0.00001300000000000000
Epoch [6/10], Step [1/1], Train loss: 9.20021295113266290855, Time: 00:03:51
Epoch 6	                   LR:0.00001300000000000000
Epoch [7/10], Step [1/1], Train loss: 6.80589509120953195520, Time: 00:04:03
Epoch 7	                   LR:0.00001300000000000000
Epoch [8/10], Step [1/1], Train loss: 5.31376062544918781327, Time: 00:04:16
Epoch 8	                   LR:0.00001300000000000000
Epoch [9/10], Step [1/1], Train loss: 4.32830552781464739098, Time: 00:04:28
Epoch 9	                   LR:0.00001300000000000000
Epoch [10/10], Step [1/1], Train loss: 3.63026551420832355177, Time: 00:04:40
Epoch 10	                   LR:0.00001300000000000000
Best Epoch [10/10], Lowest loss: 3.63026551420832355177
Dimensions of distortion matrix rows:3 cols:4
Dimensions of embedding output rows:3 cols:1025

==> Training for subtree 1 completed!

Time: 00:04:41

==> Training Completed!

Time: 00:04:41
